\BOOKMARK [0][-]{section*.3}{\376\377\000C\000o\000n\000t\000e\000n\000t\000s}{}% 1
\BOOKMARK [0][-]{section*.5}{\376\377\000L\000i\000s\000t\000\040\000o\000f\000\040\000F\000i\000g\000u\000r\000e\000s}{}% 2
\BOOKMARK [0][-]{section*.7}{\376\377\000L\000i\000s\000t\000\040\000o\000f\000\040\000T\000a\000b\000l\000e\000s}{}% 3
\BOOKMARK [0][-]{chapter.1}{\376\377\000I\000n\000t\000r\000o\000d\000u\000c\000t\000i\000o\000n}{}% 4
\BOOKMARK [0][-]{chapter.2}{\376\377\000T\000C\000C}{}% 5
\BOOKMARK [1][-]{section.2.1}{\376\377\000W\000h\000y\000\040\000R\000E\000S\000T\000\040\000n\000e\000e\000d\000s\000\040\000T\000r\000a\000n\000s\000a\000c\000t\000i\000o\000n\000s}{chapter.2}% 6
\BOOKMARK [2][-]{subsection.2.1.1}{\376\377\000A\000\040\000S\000m\000a\000l\000l\000\040\000E\000x\000a\000m\000p\000l\000e}{section.2.1}% 7
\BOOKMARK [1][-]{section.2.2}{\376\377\000C\000u\000r\000r\000e\000n\000t\000\040\000s\000o\000l\000u\000t\000i\000o\000n\000s}{chapter.2}% 8
\BOOKMARK [2][-]{subsection.2.2.1}{\376\377\000\040\000R\000E\000S\000T\000-\000*}{section.2.2}% 9
\BOOKMARK [2][-]{subsection.2.2.2}{\376\377\000A\000T\000O\000M\000\040\000P\000u\000b\000/\000S\000u\000b}{section.2.2}% 10
\BOOKMARK [1][-]{section.2.3}{\376\377\000T\000C\000C}{chapter.2}% 11
\BOOKMARK [2][-]{subsection.2.3.1}{\376\377\000G\000e\000n\000e\000r\000a\000l\000i\000z\000a\000t\000i\000o\000n\000:\000\040\000T\000r\000y\000-\000C\000a\000n\000c\000e\000l\000/\000C\000o\000n\000f\000i\000r\000m}{section.2.3}% 12
\BOOKMARK [2][-]{subsection.2.3.2}{\376\377\000T\000h\000e\000\040\000p\000r\000o\000t\000o\000c\000o\000l}{section.2.3}% 13
\BOOKMARK [2][-]{subsection.2.3.3}{\376\377\000G\000u\000a\000r\000a\000n\000t\000e\000e\000i\000n\000g\000\040\000a\000t\000o\000m\000i\000c\000i\000t\000y}{section.2.3}% 14
\BOOKMARK [0][-]{chapter.3}{\376\377\000A\000r\000c\000h\000i\000t\000e\000c\000t\000u\000r\000e}{}% 15
\BOOKMARK [1][-]{section.3.1}{\376\377\000G\000e\000n\000e\000r\000a\000l\000\040\000O\000v\000e\000r\000v\000i\000e\000w}{chapter.3}% 16
\BOOKMARK [1][-]{section.3.2}{\376\377\000L\000o\000g\000i\000c\000a\000l\000\040\000V\000i\000e\000w}{chapter.3}% 17
\BOOKMARK [1][-]{section.3.3}{\376\377\000P\000r\000o\000c\000e\000s\000s\000\040\000V\000i\000e\000w}{chapter.3}% 18
\BOOKMARK [1][-]{section.3.4}{\376\377\000D\000e\000v\000e\000l\000o\000p\000m\000e\000n\000t\000\040\000V\000i\000e\000w}{chapter.3}% 19
\BOOKMARK [1][-]{section.3.5}{\376\377\000P\000h\000y\000s\000i\000c\000a\000l\000\040\000V\000i\000e\000w}{chapter.3}% 20
\BOOKMARK [1][-]{section.3.6}{\376\377\000U\000s\000e\000\040\000C\000a\000s\000e\000s}{chapter.3}% 21
\BOOKMARK [2][-]{subsection.3.6.1}{\376\377\000I\000m\000m\000e\000d\000i\000a\000t\000e\000\040\000P\000u\000r\000c\000h\000a\000s\000e}{section.3.6}% 22
\BOOKMARK [2][-]{subsection.3.6.2}{\376\377\000D\000e\000l\000e\000t\000i\000o\000n}{section.3.6}% 23
\BOOKMARK [2][-]{subsection.3.6.3}{\376\377\000T\000i\000m\000e\000o\000u\000t\000\040\000B\000e\000f\000o\000r\000e\000\040\000C\000o\000n\000f\000i\000r\000m\000a\000t\000i\000o\000n}{section.3.6}% 24
\BOOKMARK [2][-]{subsection.3.6.4}{\376\377\000T\000i\000m\000e\000o\000u\000t\000\040\000D\000u\000r\000i\000n\000g\000\040\000C\000o\000n\000f\000i\000r\000m\000a\000t\000i\000o\000n}{section.3.6}% 25
\BOOKMARK [0][-]{chapter.4}{\376\377\000C\000o\000m\000p\000o\000n\000e\000n\000t\000\040\000D\000e\000s\000i\000g\000n\000\040\000a\000n\000d\000\040\000I\000n\000t\000e\000r\000f\000a\000c\000e\000s}{}% 26
\BOOKMARK [1][-]{section.4.1}{\376\377\000C\000l\000i\000e\000n\000t\000\040\000S\000i\000d\000e}{chapter.4}% 27
\BOOKMARK [2][-]{subsection.4.1.1}{\376\377\000D\000e\000s\000i\000g\000n}{section.4.1}% 28
\BOOKMARK [2][-]{subsection.4.1.2}{\376\377\000I\000n\000t\000e\000r\000f\000a\000c\000e\000s}{section.4.1}% 29
\BOOKMARK [1][-]{section.4.2}{\376\377\000S\000e\000r\000v\000i\000c\000e\000\040\000S\000i\000d\000e}{chapter.4}% 30
\BOOKMARK [2][-]{subsection.4.2.1}{\376\377\000D\000e\000s\000i\000g\000n}{section.4.2}% 31
\BOOKMARK [2][-]{subsection.4.2.2}{\376\377\000I\000n\000t\000e\000r\000f\000a\000c\000e\000s}{section.4.2}% 32
\BOOKMARK [1][-]{section.4.3}{\376\377\000T\000r\000a\000n\000s\000a\000c\000t\000i\000o\000n\000\040\000M\000a\000n\000a\000g\000e\000r}{chapter.4}% 33
\BOOKMARK [2][-]{subsection.4.3.1}{\376\377\000D\000e\000s\000i\000g\000n}{section.4.3}% 34
\BOOKMARK [2][-]{subsection.4.3.2}{\376\377\000I\000n\000t\000e\000r\000f\000a\000c\000e\000s}{section.4.3}% 35
\BOOKMARK [0][-]{chapter.5}{\376\377\000D\000e\000t\000a\000i\000l\000e\000d\000\040\000P\000r\000o\000t\000o\000c\000o\000l\000\040\000D\000e\000s\000i\000g\000n}{}% 36
\BOOKMARK [0][-]{chapter.6}{\376\377\000I\000m\000p\000l\000e\000m\000e\000n\000t\000a\000t\000i\000o\000n}{}% 37
\BOOKMARK [1][-]{section.6.1}{\376\377\000G\000e\000n\000e\000r\000a\000l\000\040\000T\000C\000C\000\040\000I\000m\000p\000l\000e\000m\000e\000n\000t\000a\000t\000i\000o\000n}{chapter.6}% 38
\BOOKMARK [2][-]{subsection.6.1.1}{\376\377\000G\000o\000o\000g\000l\000e\000\040\000C\000h\000r\000o\000m\000e\000\040\000E\000x\000t\000e\000n\000s\000i\000o\000n}{section.6.1}% 39
\BOOKMARK [2][-]{subsection.6.1.2}{\376\377\000N\000o\000d\000e\000\040\000S\000e\000r\000v\000i\000c\000e}{section.6.1}% 40
\BOOKMARK [2][-]{subsection.6.1.3}{\376\377\000N\000o\000d\000e\000\040\000T\000r\000a\000n\000s\000a\000c\000t\000i\000o\000n\000\040\000M\000a\000n\000a\000g\000e\000r}{section.6.1}% 41
\BOOKMARK [1][-]{section.6.2}{\376\377\000T\000r\000a\000n\000s\000a\000c\000t\000i\000o\000n\000\040\000M\000a\000n\000a\000g\000e\000r\000\040\000i\000n\000t\000e\000g\000r\000a\000t\000e\000d\000\040\000i\000n\000\040\000B\000r\000o\000w\000s\000e\000r\000\040\000E\000x\000t\000e\000n\000s\000i\000o\000n}{chapter.6}% 42
\BOOKMARK [2][-]{subsection.6.2.1}{\376\377\000G\000o\000o\000g\000l\000e\000\040\000C\000h\000r\000o\000m\000e\000\040\000E\000x\000t\000e\000n\000s\000i\000o\000n}{section.6.2}% 43
\BOOKMARK [1][-]{section.6.3}{\376\377\000T\000C\000C\000\040\000u\000s\000e\000d\000\040\000i\000n\000\040\000s\000e\000r\000v\000e\000r\000\040\000i\000n\000t\000e\000r\000a\000c\000t\000i\000o\000n}{chapter.6}% 44
\BOOKMARK [2][-]{subsection.6.3.1}{\376\377\000I\000n\000t\000r\000o\000d\000u\000c\000t\000i\000o\000n\000\040\000t\000o\000\040\000S}{section.6.3}% 45
\BOOKMARK [2][-]{subsection.6.3.2}{\376\377\000T\000C\000C\000\040\000L\000i\000b\000r\000a\000r\000y}{section.6.3}% 46
\BOOKMARK [2][-]{subsection.6.3.3}{\376\377\000T\000r\000a\000n\000s\000a\000c\000t\000i\000o\000n\000\040\000M\000a\000n\000a\000g\000e\000r\000\040\000L\000i\000b\000r\000a\000r\000y}{section.6.3}% 47
